e:\code\mystock\mystock\x64\release\mystock.pch
e:\code\mystock\mystock\x64\release\vc142.pdb
e:\code\mystock\mystock\x64\release\stdafx.obj
e:\code\mystock\mystock\x64\release\dlgloopbacklog.obj
e:\code\mystock\mystock\x64\release\dlgklinemodesel.obj
e:\code\mystock\mystock\x64\release\dlgkdjpara.obj
e:\code\mystock\mystock\x64\release\dlgindustrysel.obj
e:\code\mystock\mystock\x64\release\dlgindustryinfo.obj
e:\code\mystock\mystock\x64\release\dlghistorycmpresult.obj
e:\code\mystock\mystock\x64\release\dlgfindstockdestribute.obj
e:\code\mystock\mystock\x64\release\dlgdropoffrsi.obj
e:\code\mystock\mystock\x64\release\dlgdays.obj
e:\code\mystock\mystock\x64\release\dlgcurvesincmp2.obj
e:\code\mystock\mystock\x64\release\dlgcurvesincmp.obj
e:\code\mystock\mystock\x64\release\dlgcalcuinfo.obj
e:\code\mystock\mystock\x64\release\dlgcalcu.obj
e:\code\mystock\mystock\x64\release\dlgcalcrisklevel.obj
e:\code\mystock\mystock\x64\release\dlgcalcpowerrange.obj
e:\code\mystock\mystock\x64\release\dlgcalcpower.obj
e:\code\mystock\mystock\x64\release\dlgbackflow.obj
e:\code\mystock\mystock\x64\release\dlgangledetail.obj
e:\code\mystock\mystock\x64\release\cdlgglobalinfo.obj
e:\code\mystock\mystock\x64\release\dlgupdatestockdata.obj
e:\code\mystock\mystock\x64\release\dlgtanpara2.obj
e:\code\mystock\mystock\x64\release\dlgtananglepara.obj
e:\code\mystock\mystock\x64\release\dlgtanangle.obj
e:\code\mystock\mystock\x64\release\dlgstockpricefilter.obj
e:\code\mystock\mystock\x64\release\dlgstockpricedestribute.obj
e:\code\mystock\mystock\x64\release\dlgstocknatureanalysis.obj
e:\code\mystock\mystock\x64\release\dlgstockmonitorkdj.obj
e:\code\mystock\mystock\x64\release\dlgstockmonitor.obj
e:\code\mystock\mystock\x64\release\dlgstockdatesel.obj
e:\code\mystock\mystock\x64\release\dlgstockchip.obj
e:\code\mystock\mystock\x64\release\dlgstockchart.obj
e:\code\mystock\mystock\x64\release\dlgsniperloopback.obj
e:\code\mystock\mystock\x64\release\dlgsimilarresult.obj
e:\code\mystock\mystock\x64\release\dlgsfsel.obj
e:\code\mystock\mystock\x64\release\dlgsetting.obj
e:\code\mystock\mystock\x64\release\dlgrsifilter.obj
e:\code\mystock\mystock\x64\release\dlgpowerarithresult.obj
e:\code\mystock\mystock\x64\release\dlgm5m10para.obj
e:\code\mystock\mystock\x64\release\dlgloopbacksetting.obj
e:\code\mystock\mystock\x64\release\stockkdjarithmetic.obj
e:\code\mystock\mystock\x64\release\stockcciarithmetic.obj
e:\code\mystock\mystock\x64\release\stockbollarithmetic.obj
e:\code\mystock\mystock\x64\release\stockasiatithmetic.obj
e:\code\mystock\mystock\x64\release\klinedatabean.obj
e:\code\mystock\mystock\x64\release\trianglealg.obj
e:\code\mystock\mystock\x64\release\timepricemap.obj
e:\code\mystock\mystock\x64\release\threelowfilteralg.obj
e:\code\mystock\mystock\x64\release\tananglealg.obj
e:\code\mystock\mystock\x64\release\stepstepalg.obj
e:\code\mystock\mystock\x64\release\singletananglealg.obj
e:\code\mystock\mystock\x64\release\rsireversealg.obj
e:\code\mystock\mystock\x64\release\multanangleass.obj
e:\code\mystock\mystock\x64\release\multananglealg.obj
e:\code\mystock\mystock\x64\release\longavegroupalg.obj
e:\code\mystock\mystock\x64\release\limitupalg.obj
e:\code\mystock\mystock\x64\release\klinefilteralg.obj
e:\code\mystock\mystock\x64\release\generalanalyze.obj
e:\code\mystock\mystock\x64\release\bollfilteralg.obj
e:\code\mystock\mystock\x64\release\dlgxlh.obj
e:\code\mystock\mystock\x64\release\envreservedata.obj
e:\code\mystock\mystock\x64\release\envinterestdata.obj
e:\code\mystock\mystock\x64\release\envdatamgr.obj
e:\code\mystock\mystock\x64\release\stockmin5table.obj
e:\code\mystock\mystock\x64\release\stockmin5data.obj
e:\code\mystock\mystock\x64\release\stockloopbackdatamgr.obj
e:\code\mystock\mystock\x64\release\stockdaytable.obj
e:\code\mystock\mystock\x64\release\stockdaydata.obj
e:\code\mystock\mystock\x64\release\stockdatamgr.obj
e:\code\mystock\mystock\x64\release\industrydatamgr.obj
e:\code\mystock\mystock\x64\release\conceptdatamgr.obj
e:\code\mystock\mystock\x64\release\stockwrarithmetic.obj
e:\code\mystock\mystock\x64\release\stocksararithmetic.obj
e:\code\mystock\mystock\x64\release\stockrsiarithmetic.obj
e:\code\mystock\mystock\x64\release\stockrisklevelarithmetic.obj
e:\code\mystock\mystock\x64\release\stockprofitlossarithmetic.obj
e:\code\mystock\mystock\x64\release\stockpowerarithmetic.obj
e:\code\mystock\mystock\x64\release\stockobvarithmetic.obj
e:\code\mystock\mystock\x64\release\stocknatureanalysisarthmetic.obj
e:\code\mystock\mystock\x64\release\stockmacdarithmetic.obj
e:\code\mystock\mystock\x64\release\stockpricefilter.obj
e:\code\mystock\mystock\x64\release\stockminminminanalysize.obj
e:\code\mystock\mystock\x64\release\stockmiddleupanalysize.obj
e:\code\mystock\mystock\x64\release\stockm5m20analysize.obj
e:\code\mystock\mystock\x64\release\stockm20m40analysize.obj
e:\code\mystock\mystock\x64\release\stocklimitupanalysize.obj
e:\code\mystock\mystock\x64\release\stockkdjanalysize.obj
e:\code\mystock\mystock\x64\release\netstock.obj
e:\code\mystock\mystock\x64\release\usersocket.obj
e:\code\mystock\mystock\x64\release\transsocket.obj
e:\code\mystock\mystock\x64\release\mysocket.obj
e:\code\mystock\mystock\x64\release\listensocket.obj
e:\code\mystock\mystock\x64\release\clientsocket.obj
e:\code\mystock\mystock\x64\release\httpupload.obj
e:\code\mystock\mystock\x64\release\http.obj
e:\code\mystock\mystock\x64\release\loppbackmgr.obj
e:\code\mystock\mystock\x64\release\loopback.obj
e:\code\mystock\mystock\x64\release\historyloopback.obj
e:\code\mystock\mystock\x64\release\curvesincmploopback.obj
e:\code\mystock\mystock\x64\release\global.obj
e:\code\mystock\mystock\x64\release\dlgcmpmethod.obj
e:\code\mystock\mystock\x64\release\systemmgr.obj
e:\code\mystock\mystock\x64\release\strategymgr.obj
e:\code\mystock\mystock\x64\release\historycmpmethod.obj
e:\code\mystock\mystock\x64\release\curvesincmpmethod.obj
e:\code\mystock\mystock\x64\release\cmpmethod.obj
e:\code\mystock\mystock\x64\release\stocksniper.obj
e:\code\mystock\mystock\x64\release\stocknewk60kdjmulsniper.obj
e:\code\mystock\mystock\x64\release\stockkdjsniper.obj
e:\code\mystock\mystock\x64\release\stockkdjmulsniper.obj
e:\code\mystock\mystock\x64\release\stockk60sarsniper.obj
e:\code\mystock\mystock\x64\release\stockk60kdjsniper.obj
e:\code\mystock\mystock\x64\release\stockk60kdjmulsniper.obj
e:\code\mystock\mystock\x64\release\stockk60ccisniper.obj
e:\code\mystock\mystock\x64\release\superfallstockmonitor.obj
e:\code\mystock\mystock\x64\release\stockmonitordata.obj
e:\code\mystock\mystock\x64\release\stockmonitor.obj
e:\code\mystock\mystock\x64\release\newstockmonitor.obj
e:\code\mystock\mystock\x64\release\kdjstockmonitor.obj
e:\code\mystock\mystock\x64\release\stockwranalysize.obj
e:\code\mystock\mystock\x64\release\scriptcontrol1.obj
e:\code\mystock\mystock\x64\release\mystockdlg.obj
e:\code\mystock\mystock\x64\release\mystock.obj
e:\code\mystock\mystock\x64\release\verify.obj
e:\code\mystock\mystock\x64\release\utils.obj
e:\code\mystock\mystock\x64\release\mytimer.obj
e:\code\mystock\mystock\x64\release\log.obj
e:\code\mystock\mystock\x64\release\convert.obj
e:\code\mystock\mystock\x64\release\stockchartstatic.obj
e:\code\mystock\mystock\x64\release\dlgmonitorcallback.obj
e:\code\mystock\mystock\x64\release\dlgloopbackcallback.obj
e:\code\mystock\mystock\x64\release\xmloperator.obj
e:\code\mystock\mystock\x64\release\tinyxmlparser.obj
e:\code\mystock\mystock\x64\release\tinyxmlerror.obj
e:\code\mystock\mystock\x64\release\tinyxml.obj
e:\code\mystock\mystock\x64\release\tinystr.obj
e:\code\mystock\mystock\x64\release\dlgdropoff.obj
e:\code\mystock\x64\release\mystock.exe
e:\code\mystock\mystock\x64\release\mystock.ipdb
e:\code\mystock\mystock\x64\release\mystock.iobj
e:\code\mystock\x64\release\mystock.pdb
e:\code\mystock\mystock\x64\release\mystock.res
e:\code\mystock\mystock\x64\release\mystock.tlog\cl.command.1.tlog
e:\code\mystock\mystock\x64\release\mystock.tlog\cl.read.1.tlog
e:\code\mystock\mystock\x64\release\mystock.tlog\cl.write.1.tlog
e:\code\mystock\mystock\x64\release\mystock.tlog\link.command.1.tlog
e:\code\mystock\mystock\x64\release\mystock.tlog\link.read.1.tlog
e:\code\mystock\mystock\x64\release\mystock.tlog\link.write.1.tlog
e:\code\mystock\mystock\x64\release\mystock.tlog\rc.command.1.tlog
e:\code\mystock\mystock\x64\release\mystock.tlog\rc.read.1.tlog
e:\code\mystock\mystock\x64\release\mystock.tlog\rc.write.1.tlog
